<?xml version="1.0" encoding="UTF-8"?>
<testng-results skipped="0" failed="0" total="1" passed="1">
  <reporter-output>
  </reporter-output>
  <suite name="Suite1" duration-ms="19" started-at="2017-05-11T04:24:01Z" finished-at="2017-05-11T04:24:01Z">
    <groups>
      <group name="systemtest">
        <method signature="testGroup.testLogin()[pri:0, instance:com.usst.kumara.testGroup@71e7a66b]" name="testLogin" class="com.usst.kumara.testGroup"/>
      </group> <!-- systemtest -->
    </groups>
    <test name="test1" duration-ms="19" started-at="2017-05-11T04:24:01Z" finished-at="2017-05-11T04:24:01Z">
      <class name="com.usst.kumara.testGroup">
        <test-method status="PASS" signature="testLogin()[pri:0, instance:com.usst.kumara.testGroup@71e7a66b]" name="testLogin" duration-ms="8" started-at="2017-05-11T12:24:01Z" finished-at="2017-05-11T12:24:01Z">
          <reporter-output>
          </reporter-output>
        </test-method> <!-- testLogin -->
      </class> <!-- com.usst.kumara.testGroup -->
    </test> <!-- test1 -->
  </suite> <!-- Suite1 -->
</testng-results>
